  stdafx.cpp
d:\cppler\cmagic\complexmagic\consoleapplication1\modelobject.h(9): error C3646: 'name': unknown override specifier
d:\cppler\cmagic\complexmagic\consoleapplication1\modelobject.h(9): error C4430: missing type specifier - int assumed. Note: C++ does not support default-int
d:\cppler\cmagic\complexmagic\consoleapplication1\modelobject.h(31): error C3646: 'getName': unknown override specifier
d:\cppler\cmagic\complexmagic\consoleapplication1\modelobject.h(31): error C2059: syntax error: ')'
d:\cppler\cmagic\complexmagic\consoleapplication1\modelobject.h(31): error C2334: unexpected token(s) preceding '{'; skipping apparent function body
d:\cppler\cmagic\complexmagic\consoleapplication1\modelobject.h(36): error C2061: syntax error: identifier 'string'
d:\cppler\cmagic\complexmagic\consoleapplication1\modelobject.h(17): error C2660: 'ModelObject::setName': function does not take 1 arguments
d:\cppler\cmagic\complexmagic\consoleapplication1\modelobject.h(37): error C2065: 'name': undeclared identifier
d:\cppler\cmagic\complexmagic\consoleapplication1\modelobject.h(37): error C2065: 's': undeclared identifier
d:\cppler\cmagic\complexmagic\consoleapplication1\modelobject.h(37): error C3861: 'to_string': identifier not found
d:\cppler\cmagic\complexmagic\consoleapplication1\magictheory.h(28): error C2065: 'determination_f': undeclared identifier
d:\cppler\cmagic\complexmagic\consoleapplication1\magictheory.h(28): error C4430: missing type specifier - int assumed. Note: C++ does not support default-int
d:\cppler\cmagic\complexmagic\consoleapplication1\magictheory.h(28): error C2513: 'int': no variable declared before '='
d:\cppler\cmagic\complexmagic\consoleapplication1\magictheory.h(28): error C2143: syntax error: missing ';' before '('
d:\cppler\cmagic\complexmagic\consoleapplication1\magictheory.h(28): error C2059: syntax error: 'const'
d:\cppler\cmagic\complexmagic\consoleapplication1\magictheory.h(50): error C3646: 'natures': unknown override specifier
d:\cppler\cmagic\complexmagic\consoleapplication1\magictheory.h(50): error C4430: missing type specifier - int assumed. Note: C++ does not support default-int
d:\cppler\cmagic\complexmagic\consoleapplication1\magictheory.h(55): error C2143: syntax error: missing ';' before '*'
d:\cppler\cmagic\complexmagic\consoleapplication1\magictheory.h(55): error C4430: missing type specifier - int assumed. Note: C++ does not support default-int
d:\cppler\cmagic\complexmagic\consoleapplication1\magictheory.h(55): error C2238: unexpected token(s) preceding ';'
d:\cppler\cmagic\complexmagic\consoleapplication1\magictheory.h(60): error C2061: syntax error: identifier 'string'
d:\cppler\cmagic\complexmagic\consoleapplication1\magictheory.h(63): error C3646: 'getNatures': unknown override specifier
d:\cppler\cmagic\complexmagic\consoleapplication1\magictheory.h(63): error C2059: syntax error: '('
d:\cppler\cmagic\complexmagic\consoleapplication1\magictheory.h(63): error C2238: unexpected token(s) preceding ';'
d:\cppler\cmagic\complexmagic\consoleapplication1\magictheory.h(64): error C2061: syntax error: identifier 'string'
d:\cppler\cmagic\complexmagic\consoleapplication1\magictheory.h(79): error C2061: syntax error: identifier 'string'
d:\cppler\cmagic\complexmagic\consoleapplication1\magictheory.h(79): error C2535: 'AstralArea::AstralArea(AstralAreaType,AstralPoint *)': member function already defined or declared
  d:\cppler\cmagic\complexmagic\consoleapplication1\magictheory.h(78): note: see declaration of 'AstralArea::AstralArea'
d:\cppler\cmagic\complexmagic\consoleapplication1\magictheory.h(80): error C2061: syntax error: identifier 'string'
d:\cppler\cmagic\complexmagic\consoleapplication1\magictheory.h(460): error C2143: syntax error: missing ';' before '*'
d:\cppler\cmagic\complexmagic\consoleapplication1\magictheory.h(460): error C4430: missing type specifier - int assumed. Note: C++ does not support default-int
d:\cppler\cmagic\complexmagic\consoleapplication1\magictheory.h(460): error C2238: unexpected token(s) preceding ';'
d:\cppler\cmagic\complexmagic\consoleapplication1\magictheory.h(462): error C2143: syntax error: missing ';' before '*'
d:\cppler\cmagic\complexmagic\consoleapplication1\magictheory.h(462): error C4430: missing type specifier - int assumed. Note: C++ does not support default-int
d:\cppler\cmagic\complexmagic\consoleapplication1\magictheory.h(462): error C2238: unexpected token(s) preceding ';'
d:\cppler\cmagic\complexmagic\consoleapplication1\magictheory.h(463): error C3646: 'outputConnector': unknown override specifier
d:\cppler\cmagic\complexmagic\consoleapplication1\magictheory.h(463): error C4430: missing type specifier - int assumed. Note: C++ does not support default-int
d:\cppler\cmagic\complexmagic\consoleapplication1\magictheory.h(468): error C2061: syntax error: identifier 'MagicSource'
d:\cppler\cmagic\complexmagic\consoleapplication1\magictheory.h(469): error C2065: 'magicSrcPtr': undeclared identifier
d:\cppler\cmagic\complexmagic\consoleapplication1\magictheory.h(469): error C2065: 'msrc': undeclared identifier
d:\cppler\cmagic\complexmagic\consoleapplication1\magictheory.h(470): error C2065: 'world': undeclared identifier
d:\cppler\cmagic\complexmagic\consoleapplication1\magictheory.h(478): error C2660: 'ModelObject::setName': function does not take 1 arguments
d:\cppler\cmagic\complexmagic\consoleapplication1\magictheory.h(519): error C3646: 'fGenerate': unknown override specifier
d:\cppler\cmagic\complexmagic\consoleapplication1\magictheory.h(519): error C4430: missing type specifier - int assumed. Note: C++ does not support default-int
d:\cppler\cmagic\complexmagic\consoleapplication1\magictheory.h(521): error C3646: 'fTransform': unknown override specifier
d:\cppler\cmagic\complexmagic\consoleapplication1\magictheory.h(521): error C4430: missing type specifier - int assumed. Note: C++ does not support default-int
d:\cppler\cmagic\complexmagic\consoleapplication1\magictheory.h(542): warning C4200: nonstandard extension used: zero-sized array in struct/union
  d:\cppler\cmagic\complexmagic\consoleapplication1\magictheory.h(542): note: This member will be ignored by a defaulted constructor or copy/move assignment operator
d:\cppler\cmagic\complexmagic\consoleapplication1\magictheory.h(543): error C2229: class 'MagicStream' has an illegal zero-sized array
d:\cppler\cmagic\complexmagic\consoleapplication1\magictheory.h(543): warning C4200: nonstandard extension used: zero-sized array in struct/union
  d:\cppler\cmagic\complexmagic\consoleapplication1\magictheory.h(543): note: This member will be ignored by a defaulted constructor or copy/move assignment operator
d:\cppler\cmagic\complexmagic\consoleapplication1\magictheory.h(544): error C2229: class 'MagicStream' has an illegal zero-sized array
d:\cppler\cmagic\complexmagic\consoleapplication1\magictheory.h(567): warning C4200: nonstandard extension used: zero-sized array in struct/union
  d:\cppler\cmagic\complexmagic\consoleapplication1\magictheory.h(567): note: This member will be ignored by a defaulted constructor or copy/move assignment operator
d:\cppler\cmagic\complexmagic\consoleapplication1\magictheory.h(568): error C2229: class 'MagicSource' has an illegal zero-sized array
d:\cppler\cmagic\complexmagic\consoleapplication1\magictheory.h(568): warning C4200: nonstandard extension used: zero-sized array in struct/union
  d:\cppler\cmagic\complexmagic\consoleapplication1\magictheory.h(568): note: This member will be ignored by a defaulted constructor or copy/move assignment operator
d:\cppler\cmagic\complexmagic\consoleapplication1\magictheory.h(569): error C2086: 'Functionality MagicSource::functions': redefinition
  d:\cppler\cmagic\complexmagic\consoleapplication1\magictheory.h(564): note: see declaration of 'MagicSource::functions'
d:\cppler\cmagic\complexmagic\consoleapplication1\magictheory.h(569): error C2229: class 'MagicSource' has an illegal zero-sized array
d:\cppler\cmagic\complexmagic\consoleapplication1\magictheory.h(586): error C2061: syntax error: identifier 'determination_f'
